<?xml version="1.0" encoding="UTF-8"?>
<!-- Generated by org.testng.reporters.JUnitReportReporter -->
<testsuite hostname="DESKTOP-TQITTE4" failures="0" tests="1" name="Tests.SignUpTest" time="19.028" errors="0" timestamp="2024-08-03T20:54:46 IST" skipped="0">
  <testcase classname="Tests.SignUpTest" name="LoginSuccess" time="19.028"/>
</testsuite> <!-- Tests.SignUpTest -->
