<?xml version="1.0" encoding="UTF-8"?>
<!-- Generated by org.testng.reporters.JUnitReportReporter -->
<testsuite hostname="DESKTOP-TQITTE4" failures="0" tests="1" name="Tests.AddToCrtTest" time="18.480" errors="0" timestamp="2024-08-03T13:29:06 IST" skipped="0">
  <testcase classname="Tests.AddToCrtTest" name="cartValidation" time="18.480"/>
</testsuite> <!-- Tests.AddToCrtTest -->
