<?xml version="1.0" encoding="UTF-8"?>
<!-- Generated by org.testng.reporters.JUnitReportReporter -->
<testsuite hostname="DESKTOP-TQITTE4" failures="0" tests="1" name="Tests.OrderPlacing" time="19.008" errors="0" timestamp="2024-08-03T17:27:10 IST" skipped="0">
  <testcase classname="Tests.OrderPlacing" name="orderPacing" time="19.008"/>
</testsuite> <!-- Tests.OrderPlacing -->
